1565160091771	mozrunner::runner	INFO	Running command: "C:\\Program Files\\Mozilla Firefox\\firefox.exe" "-marionette" "-foreground" "-no-remote" "-profile" "C:\\Users\\E31ED~1.BAS\\AppData\\Local\\Temp\\rust_mozprofile.ozOj9M0JZiYs"
1565160092996	addons.webextension.screenshots@mozilla.org	WARN	Loading extension 'screenshots@mozilla.org': Reading manifest: Invalid extension permission: mozillaAddons
1565160092997	addons.webextension.screenshots@mozilla.org	WARN	Loading extension 'screenshots@mozilla.org': Reading manifest: Invalid extension permission: telemetry
1565160092997	addons.webextension.screenshots@mozilla.org	WARN	Loading extension 'screenshots@mozilla.org': Reading manifest: Invalid extension permission: resource://pdf.js/
1565160093018	addons.webextension.screenshots@mozilla.org	WARN	Loading extension 'screenshots@mozilla.org': Reading manifest: Invalid extension permission: about:reader*
1565160096414	Marionette	INFO	Listening on port 62615
1565160096711	Marionette	WARN	TLS certificate errors will be ignored for this session
[Parent 8868, Gecko_IOThread] WARNING: pipe error: 109: file z:/task_1562361253/build/src/ipc/chromium/src/chrome/common/ipc_channel_win.cc, line 341
1565160358194	Marionette	INFO	Stopped listening on port 62615

###!!! [Child][RunMessage] Error: Channel closing: too late to send/recv, messages will be lost

[GPU 11
###!!! [Child][MessageChannel::SendAndWait] Error: Channel error: cannot send/recv

0340560	addons.webextension.screenshots@mozilla.org	WARN	Loading extension 'screenshots@mozilla.org': Reading manifest: Invalid extension permission: telemetry
1565160340560	addons.webextension.screenshots@mozilla.org	WARN	Loading extension 'screenshots@mozilla.org': Reading manifest: Invalid extension permission: resource://pdf.js/
1565160340560	addons.webextension.screenshots@mozilla.org	WARN	Loading extension 'screenshots@mozilla.org': Reading manifest: Invalid extension permission: about:reader*
1565160343030	Marionette	INFO	Listening on port 62658
1565160343042	Marionette	WARN	TLS certificate errors will be ignored for this session
[Child 3436, Chrome_ChildThread] WARNING: pipe error: 109: file z:/task_1562361253/build/src/ipc/chromium/src/chrome/common/ipc_channel_win.cc, line 341
[Child 3436, Chrome[Parent 11904, Gecko_IOThread] WARNING: pipe error: 109: file z:/task_1562361253/build/src/ipc/chromium/src/chrome/common/ipc_channel_win.cc, line 341
[Child 2332, Chrome_ChildThread] WARNING: pipe error: 109: file z:/task_1562361253/build/src/ipc/chromium/src/chrome/common/ipc_channel_win.cc, line 341
[Child 23321565160359902	Marionette	INFO	Stopped listening on port 62658

###!!! [Child][RunMessage] Error: Channel closing: too late to send/recv, messages will be lost

[GPU
###!!! [Child][MessageChannel::SendAndWait] Error: Channel error: cannot send/recv

1565160464033	mozrunner::runner	INFO	Running command: "C:\\Program Files\\Mozilla Firefox\\firefox.exe" "-marionette" "-headless" "-foreground" "-no-remote" "-profile" "C:\\Users\\E31ED~1.BAS\\AppData\\Local\\Temp\\rust_mozprofile.Y26h6AEXopB7"
*** You are running in headless mode.
1565160464737	addons.webextension.screenshots@mozilla.org	WARN	Loading extension 'screenshots@mozilla.org': Reading manifest: Invalid extension permission: mozillaAddons
1565160464737	addons.webextension.screenshots@mozilla.org	WARN	Loading extension 'screenshots@mozilla.org': Reading manifest: Invalid extension permission: telemetry
1565160464737	addons.webextension.screenshots@mozilla.org	WARN	Loading extension 'screenshots@mozilla.org': Reading manifest: Invalid extension permission: resource://pdf.js/
1565160464737	addons.webextension.screenshots@mozilla.org	WARN	Loading extension 'screenshots@mozilla.org': Reading manifest: Invalid extension permission: about:reader*
1565160467321	Marionette	INFO	Listening on port 62705
1565160467366	Marionette	WARN	TLS certificate errors will be ignored for this session
console.error: BroadcastService: 
  receivedBroadcastMessage: handler for
  remote-settings/monitor_changes
  threw error:
  Message: Error: Polling for changes failed: http://%(server)s/dummy/blocklist//buckets/monitor/collections/changes/records?_expected=%221565136009035%22 is not a valid URL..
  Stack:
    remoteSettingsFunction/remoteSettings.pollChanges@resource://services-settings/remote-settings.js:201:13

1565160664292	mozrunner::runner	INFO	Running command: "C:\\Program Files\\Mozilla Firefox\\firefox.exe" "-marionette" "-headless" "-foreground" "-no-remote" "-profile" "C:\\Users\\E31ED~1.BAS\\AppData\\Local\\Temp\\rust_mozprofile.AArIwQQf0iwk"
*** You are running in headless mode.
1565160665067	addons.webextension.screenshots@mozilla.org	WARN	Loading extension 'screenshots@mozilla.org': Reading manifest: Invalid extension permission: mozillaAddons
1565160665067	addons.webextension.screenshots@mozilla.org	WARN	Loading extension 'screenshots@mozilla.org': Reading manifest: Invalid extension permission: telemetry
1565160665068	addons.webextension.screenshots@mozilla.org	WARN	Loading extension 'screenshots@mozilla.org': Reading manifest: Invalid extension permission: resource://pdf.js/
1565160665068	addons.webextension.screenshots@mozilla.org	WARN	Loading extension 'screenshots@mozilla.org': Reading manifest: Invalid extension permission: about:reader*
1565160667698	Marionette	INFO	Listening on port 59277
1565160668153	Marionette	WARN	TLS certificate errors will be ignored for this session
console.error: BroadcastService: 
  receivedBroadcastMessage: handler for
  remote-settings/monitor_changes
  threw error:
  Message: Error: Polling for changes failed: http://%(server)s/dummy/blocklist//buckets/monitor/collections/changes/records?_expected=%221565136009035%22 is not a valid URL..
  Stack:
    remoteSettingsFunction/remoteSettings.pollChanges@resource://services-settings/remote-settings.js:201:13

ebextension.screenshots@mozilla.org	WARN	Loading extension 'screenshots@mozilla.org': Reading manifest: Invalid extension permission: telemetry
1565160732140	addons.webextension.screenshots@mozilla.org	WARN	Loading extension 'screenshots@mozilla.org': Reading manifest: Invalid extension permission: resource://pdf.js/
1565160732140	addons.webextension.screenshots@mozilla.org	WARN	Loading extension 'screenshots@mozilla.org': Reading manifest: Invalid extension permission: about:reader*
1565160734826	Marionette	INFO	Listening on port 59324
1565160735307	Marionette	WARN	TLS certificate errors will be ignored for this session
console.warn: "Error while detaching the thread front: 'detach' request packet to 'server1.conn0.child1/context18' can't be sent as the connection is closed."
[Child 11924, Chrome_ChildThread] WARNING: pipe error: 109: file z:/task_1562361253/build/src/ipc/chromium/src/chrome/common/ipc_channel_win.cc, line 341
[Child 11924, Chro[Parent 12364, Gecko_IOThread] WARNING: pipe error: 109: file z:/task_1562361253/build/src/ipc/chromium/src/chrome/common/ipc_channel_win.cc, line 341
[Child 13160, Chrome_ChildThread] WARNING: pipe error: 109: file z:/task_1562361253/build/src/ipc/chromium/src/chrome/common/ipc_channel_win.cc, line 341
[Child 1311565160815564	Marionette	INFO	Stopped listening on port 59324

###!!! [Child][RunMessage] Error: Channel closing: too late to send/recv, messages will be lost

[GPU 1323
###!!! [Child][MessageChannel::SendAndWait] Error: Channel error: cannot send/recv

1565160821601	mozrunner::runner	INFO	Running command: "C:\\Program Files\\Mozilla Firefox\\firefox.exe" "-marionette" "-foreground" "-no-remote" "-profile" "C:\\Users\\E31ED~1.BAS\\AppData\\Local\\Temp\\rust_mozprofile.Q9hIlEkUyRE1"
1565160823453	addons.webextension.screenshots@mozilla.org	WARN	Loading extension 'screenshots@mozilla.org': Reading manifest: Invalid extension permission: mozillaAddons
1565160823453	addons.webextension.screenshots@mozilla.org	WARN	Loading extension 'screenshots@mozilla.org': Reading manifest: Invalid extension permission: telemetry
1565160823453	addons.webextension.screenshots@mozilla.org	WARN	Loading extension 'screenshots@mozilla.org': Reading manifest: Invalid extension permission: resource://pdf.js/
1565160823453	addons.webextension.screenshots@mozilla.org	WARN	Loading extension 'screenshots@mozilla.org': Reading manifest: Invalid extension permission: about:reader*
1565160826349	Marionette	INFO	Listening on port 59375
1565160826552	Marionette	WARN	TLS certificate errors will be ignored for this session
[Parent 12856, Gecko_IOThread] WARNING: pipe error: 109: file z:/task_1562361253/build/src/ipc/chromium/src/chrome/common/ipc_channel_win.cc, line 341
[Parent 12856, Gecko_IOThread] WARNING: pipe error: 109: file z:/task_1562361253/build/src/ipc/chromium/src/chrome/common/ipc_channel_win.cc, line 341
1565160936298	Marionette	INFO	Stopped listening on port 59375

###!!! [Child][RunMessage] Error: Channel closing: too late to send/recv, messages will be lost

[GPU 7936, Chr
###!!! [Child][MessageChannel::SendAndWait] Error: Channel error: cannot send/recv

1565160941713	mozrunner::runner	INFO	Running command: "C:\\Program Files\\Mozilla Firefox\\firefox.exe" "-marionette" "-foreground" "-no-remote" "-profile" "C:\\Users\\E31ED~1.BAS\\AppData\\Local\\Temp\\rust_mozprofile.p8LMIiRFI5MZ"
1565160942592	addons.webextension.screenshots@mozilla.org	WARN	Loading extension 'screenshots@mozilla.org': Reading manifest: Invalid extension permission: mozillaAddons
1565160942627	addons.webextension.screenshots@mozilla.org	WARN	Loading extension 'screenshots@mozilla.org': Reading manifest: Invalid extension permission: telemetry
1565160942627	addons.webextension.screenshots@mozilla.org	WARN	Loading extension 'screenshots@mozilla.org': Reading manifest: Invalid extension permission: resource://pdf.js/
1565160942627	addons.webextension.screenshots@mozilla.org	WARN	Loading extension 'screenshots@mozilla.org': Reading manifest: Invalid extension permission: about:reader*
1565160945429	Marionette	INFO	Listening on port 59428
1565160945585	Marionette	WARN	TLS certificate errors will be ignored for this session
[Child 12596, Chrome_ChildThread] WARNING: pipe error: 109: file z:/task_1562361253/build/src/ipc/chromium/src/chrome/common/ipc_channel_win.cc, line 341
[Child 12596, Chrome_ChildThread] WARNING: pipe error: 10[Chi9: ld 12656, Chrome_ChildThread] WARNING: pipe error: 109: file z:/task_1562361253/build/src/ipc/chromium/src/chrome/common/ipc_channel_win.cc, line 341
[Child 12656, Chrome_Ch[Parent 12320, Gecko_IOThread] WARNING: pipe error: 109: file z:/task_1562361253/build/src/ipc/chromium/src/chrome/common/ipc_channel_win.cc, line 341
1565160961517	Marionette	INFO	Stopped listening on port 59428

###!!! [Child][RunMessage] Error: Channel closing: too late to send/recv, messages will be lost

[GPU 3
###!!! [Child][MessageChannel::SendAndWait] Error: Channel error: cannot send/recv

1565161122803	mozrunner::runner	INFO	Running command: "C:\\Program Files\\Mozilla Firefox\\firefox.exe" "-marionette" "-foreground" "-no-remote" "-profile" "C:\\Users\\E31ED~1.BAS\\AppData\\Local\\Temp\\rust_mozprofile.C2J4A5A2Zf6y"
1565161123571	addons.webextension.screenshots@mozilla.org	WARN	Loading extension 'screenshots@mozilla.org': Reading manifest: Invalid extension permission: mozillaAddons
1565161123571	addons.webextension.screenshots@mozilla.org	WARN	Loading extension 'screenshots@mozilla.org': Reading manifest: Invalid extension permission: telemetry
1565161123571	addons.webextension.screenshots@mozilla.org	WARN	Loading extension 'screenshots@mozilla.org': Reading manifest: Invalid extension permission: resource://pdf.js/
1565161123571	addons.webextension.screenshots@mozilla.org	WARN	Loading extension 'screenshots@mozilla.org': Reading manifest: Invalid extension permission: about:reader*
1565161126398	Marionette	INFO	Listening on port 59483
1565161126645	Marionette	WARN	TLS certificate errors will be ignored for this session
console.warn: "Error while detaching the thread front: 'detach' request packet to 'server1.conn0.child1/context18' can't be sent as the connection is closed."

###!!! [Child][MessageChannel] Error: (msgtype=0x530005,name=PHttpChannel::Msg_Cancel) Closed channel: cannot send/recv

[Child 2332, Chrome_ChildThread] WARNING: pipe error: 109:
###!!! [Child][MessageChannel] Error: (msgtype=0x530005,name=PHttpChannel::Msg_Cancel) Closed channel: cannot send/recv

 [Parent 12636, Gecko_IOThread] WARNING: pipe error: 109: file z:/task_1562361253/build/src/ipc/chromium/src/chrome/common/ipc_channel_win.cc, line 341
[Child 12012, Chrome_ChildThread] WARNING: pipe error: 109: file z:/task_1562361253/build/src/ipc/chromium/src/chrome/common/ipc_channel_win.cc, line 341
[Child 120[Parent 12636, Gecko_IOThread] WARNING: pipe error: 109: file z:/task_1562361253/build/src/ipc/chromium/src/chrome/common/ipc_channel_win.cc, line 341
[Child 12244, Chrome_ChildThread] WARNING: pipe error: 109: file z:/task_1562361253/build/src/ipc/chromium/src/chrome/common/ipc_channel_win.cc, line 341
[Child 121565161147728	Marionette	INFO	Stopped listening on port 59483

###!!! [Child][RunMessage] Error: Channel closing: too late to send/recv, messages will be lost

[GPU
###!!! [Child][MessageChannel::SendAndWait] Error: Channel error: cannot send/recv

1565161182742	mozrunner::runner	INFO	Running command: "C:\\Program Files\\Mozilla Firefox\\firefox.exe" "-marionette" "-foreground" "-no-remote" "-profile" "C:\\Users\\E31ED~1.BAS\\AppData\\Local\\Temp\\rust_mozprofile.xttf3JlOMlGD"
1565161183376	addons.webextension.screenshots@mozilla.org	WARN	Loading extension 'screenshots@mozilla.org': Reading manifest: Invalid extension permission: mozillaAddons
1565161183377	addons.webextension.screenshots@mozilla.org	WARN	Loading extension 'screenshots@mozilla.org': Reading manifest: Invalid extension permission: telemetry
1565161183377	addons.webextension.screenshots@mozilla.org	WARN	Loading extension 'screenshots@mozilla.org': Reading manifest: Invalid extension permission: resource://pdf.js/
1565161183377	addons.webextension.screenshots@mozilla.org	WARN	Loading extension 'screenshots@mozilla.org': Reading manifest: Invalid extension permission: about:reader*
1565161186010	Marionette	INFO	Listening on port 59541
1565161186083	Marionette	WARN	TLS certificate errors will be ignored for this session
console.error: BroadcastService: 
  receivedBroadcastMessage: handler for
  remote-settings/monitor_changes
  threw error:
  Message: Error: Polling for changes failed: http://%(server)s/dummy/blocklist//buckets/monitor/collections/changes/records?_expected=%221565136009035%22 is not a valid URL..
  Stack:
    remoteSettingsFunction/remoteSettings.pollChanges@resource://services-settings/remote-settings.js:201:13

1565181517718	mozrunner::runner	INFO	Running command: "C:\\Program Files\\Mozilla Firefox\\firefox.exe" "-marionette" "-foreground" "-no-remote" "-profile" "C:\\Users\\E31ED~1.BAS\\AppData\\Local\\Temp\\rust_mozprofile.XAVrx4bCGXIO"
1565181518454	addons.webextension.screenshots@mozilla.org	WARN	Loading extension 'screenshots@mozilla.org': Reading manifest: Invalid extension permission: mozillaAddons
1565181518454	addons.webextension.screenshots@mozilla.org	WARN	Loading extension 'screenshots@mozilla.org': Reading manifest: Invalid extension permission: telemetry
1565181518454	addons.webextension.screenshots@mozilla.org	WARN	Loading extension 'screenshots@mozilla.org': Reading manifest: Invalid extension permission: resource://pdf.js/
1565181518454	addons.webextension.screenshots@mozilla.org	WARN	Loading extension 'screenshots@mozilla.org': Reading manifest: Invalid extension permission: about:reader*
1565181520841	Marionette	INFO	Listening on port 64804
1565181520993	Marionette	WARN	TLS certificate errors will be ignored for this session
[Parent 212, Gecko_IOThread] WARNING: pipe error: 109: file z:/task_1562361253/build/src/ipc/chromium/src/chrome/common/ipc_channel_win.cc, line 341
console.error: BroadcastService: 
  receivedBroadcastMessage: handler for
  remote-settings/monitor_changes
  threw error:
  Message: Error: Polling for changes failed: http://%(server)s/dummy/blocklist//buckets/monitor/collections/changes/records?_expected=%221565181472444%22 is not a valid URL..
  Stack:
    remoteSettingsFunction/remoteSettings.pollChanges@resource://services-settings/remote-settings.js:201:13

[Parent 212, Gecko_IOThread] WARNING: pipe error: 109: file z:/task_1562361253/build/src/ipc/chromium/src/chrome/common/ipc_channel_win.cc, line 341

###!!! [Child][MessageChannel] Error: (msgtype=0x530005,name=PHttpChannel::Msg_Cancel) Closed channel: cannot send/recv

[Child 10688, Chrome_ChildThread] WARNING: pipe error: 109: file[Child 10416, Chrome_ChildThread] WARNING: pipe error: 109: file z:/task_1562361253/build/src/ipc/chromium/src/chrome/common/ipc_channel_win.cc, line 341
[Child 10416, Chrome_ChildThrea[Parent 212, Gecko_IOThread] WARNING: pipe error: 109: file z:/task_1562361253/build/src/ipc/chromium/src/chrome/common/ipc_channel_win.cc, line 341
1565183633122	Marionette	INFO	Stopped listening on port 64804

###!!! [Child][RunMessage] Error: Channel closing: too late to send/recv, messages will be lost

[GPU
###!!! [Child][MessageChannel::SendAndWait] Error: Channel error: cannot send/recv

	Marionette	INFO	Listening on port 56152
1565182906290	Marionette	WARN	TLS certificate errors will be ignored for this session
console.error: BroadcastService: 
  receivedBroadcastMessage: handler for
  remote-settings/monitor_changes
  threw error:
  Message: Error: Polling for changes failed: http://%(server)s/dummy/blocklist//buckets/monitor/collections/changes/records?_expected=%221565181472444%22 is not a valid URL..
  Stack:
    remoteSettingsFunction/remoteSettings.pollChanges@resource://services-settings/remote-settings.js:201:13

[Parent 11760, Gecko_IOThread] WARNING: pipe error: 109: file z:/task_1562361253/build/src/ipc/chromium/src/chrome/common/ipc_channel_win.cc, line 341
[Child 11660, Chrome_ChildThread] WARNING: pipe error: 109: file z:/task_1562361253/build/src/ipc/chromium/src/chrome/common/ipc_channel_win.cc, line 341
[Parent 11760, Gecko_IOThread] WARNING: pipe error: 109: file z:/task_1562361253/build/src/ipc/chromium/src/chrome/common/ipc_channel_win.cc, line 341

###!!! [Child][MessageChannel] Error: (msgtype=0x530005,name=PHttpChannel::Msg_Cancel) Closed channel: cannot send/recv

1565184071827	Marionette	INFO	Stopped listening on port 56152

###!!! [Child][RunMessage] Error: Channel closing: too late to send/recv, messages will be lost

[GPU 11528, Chrome_ChildThread] 
###!!! [Child][MessageChannel::SendAndWait] Error: Channel error: cannot send/recv

1565184178961	mozrunner::runner	INFO	Running command: "C:\\Program Files\\Mozilla Firefox\\firefox.exe" "-marionette" "-foreground" "-no-remote" "-profile" "C:\\Users\\E31ED~1.BAS\\AppData\\Local\\Temp\\rust_mozprofile.b6v4ATqmvEBo"
1565184179623	addons.webextension.screenshots@mozilla.org	WARN	Loading extension 'screenshots@mozilla.org': Reading manifest: Invalid extension permission: mozillaAddons
1565184179623	addons.webextension.screenshots@mozilla.org	WARN	Loading extension 'screenshots@mozilla.org': Reading manifest: Invalid extension permission: telemetry
1565184179624	addons.webextension.screenshots@mozilla.org	WARN	Loading extension 'screenshots@mozilla.org': Reading manifest: Invalid extension permission: resource://pdf.js/
1565184179624	addons.webextension.screenshots@mozilla.org	WARN	Loading extension 'screenshots@mozilla.org': Reading manifest: Invalid extension permission: about:reader*
1565184182041	Marionette	INFO	Listening on port 60034
1565184182205	Marionette	WARN	TLS certificate errors will be ignored for this session
[Parent 5248, Gecko_IOThread] WARNING: pipe error: 109: file z:/task_1562361253/build/src/ipc/chromium/src/chrome/common/ipc_channel_win.cc, line 341
console.error: BroadcastService: 
  receivedBroadcastMessage: handler for
  remote-settings/monitor_changes
  threw error:
  Message: Error: Polling for changes failed: http://%(server)s/dummy/blocklist//buckets/monitor/collections/changes/records?_expected=%221565181472444%22 is not a valid URL..
  Stack:
    remoteSettingsFunction/remoteSettings.pollChanges@resource://services-settings/remote-settings.js:201:13

JavaScript warning: resource:///modules/UrlbarView.jsm, line 123: Array.reduce is deprecated; use Array.prototype.reduce instead
[Parent 5248, Gecko_IOThread] WARNING: pipe error: 109: file z:/task_1562361253/build/src/ipc/chromium/src/chrome/common/ipc_channel_win.cc, line 341
